0 info it worked if it ends with ok
1 verbose cli [ 'node', '/usr/local/bin/npm', 'install' ]
2 info using npm@2.0.0
3 info using node@v0.10.32
4 verbose node symlink /usr/local/bin/node
5 warn package.json homeboard_site@1.0.0 No repository field.
6 warn package.json homeboard_site@1.0.0 No README data
7 verbose readDependencies using package.json deps
8 verbose install where, deps [ '/Users/brandon/projects/homeboard_site',
8 verbose install   [ 'gulp',
8 verbose install     'gulp-sass',
8 verbose install     'gulp-concat',
8 verbose install     'gulp-minify-css',
8 verbose install     'gulp-rename',
8 verbose install     'bower',
8 verbose install     'gulp-util',
8 verbose install     'shelljs' ] ]
9 info preinstall homeboard_site@1.0.0
10 verbose readDependencies using package.json deps
11 verbose cache add [ 'gulp@^3.5.6', null ]
12 verbose cache add spec="gulp@^3.5.6" args=["gulp@^3.5.6",null]
13 verbose parsed spec { raw: 'gulp@^3.5.6',
13 verbose parsed spec   scope: null,
13 verbose parsed spec   name: 'gulp',
13 verbose parsed spec   rawSpec: '^3.5.6',
13 verbose parsed spec   spec: '>=3.5.6 <4.0.0',
13 verbose parsed spec   type: 'range' }
14 verbose cache add [ 'gulp-sass@^0.7.1', null ]
15 verbose cache add spec="gulp-sass@^0.7.1" args=["gulp-sass@^0.7.1",null]
16 verbose parsed spec { raw: 'gulp-sass@^0.7.1',
16 verbose parsed spec   scope: null,
16 verbose parsed spec   name: 'gulp-sass',
16 verbose parsed spec   rawSpec: '^0.7.1',
16 verbose parsed spec   spec: '>=0.7.1 <0.8.0',
16 verbose parsed spec   type: 'range' }
17 verbose parsed spec { raw: 'gulp@^3.5.6',
17 verbose parsed spec   scope: null,
17 verbose parsed spec   name: 'gulp',
17 verbose parsed spec   rawSpec: '^3.5.6',
17 verbose parsed spec   spec: '>=3.5.6 <4.0.0',
17 verbose parsed spec   type: 'range' }
18 verbose addNamed [ 'gulp', '>=3.5.6 <4.0.0' ]
19 verbose addNamed [ null, '>=3.5.6 <4.0.0' ]
20 verbose cache add [ 'gulp-concat@^2.2.0', null ]
21 verbose cache add spec="gulp-concat@^2.2.0" args=["gulp-concat@^2.2.0",null]
22 verbose parsed spec { raw: 'gulp-concat@^2.2.0',
22 verbose parsed spec   scope: null,
22 verbose parsed spec   name: 'gulp-concat',
22 verbose parsed spec   rawSpec: '^2.2.0',
22 verbose parsed spec   spec: '>=2.2.0 <3.0.0',
22 verbose parsed spec   type: 'range' }
23 verbose cache add [ 'gulp-minify-css@^0.3.0', null ]
24 verbose cache add spec="gulp-minify-css@^0.3.0" args=["gulp-minify-css@^0.3.0",null]
25 verbose parsed spec { raw: 'gulp-minify-css@^0.3.0',
25 verbose parsed spec   scope: null,
25 verbose parsed spec   name: 'gulp-minify-css',
25 verbose parsed spec   rawSpec: '^0.3.0',
25 verbose parsed spec   spec: '>=0.3.0 <0.4.0',
25 verbose parsed spec   type: 'range' }
26 verbose cache add [ 'gulp-rename@^1.2.0', null ]
27 verbose cache add spec="gulp-rename@^1.2.0" args=["gulp-rename@^1.2.0",null]
28 verbose parsed spec { raw: 'gulp-rename@^1.2.0',
28 verbose parsed spec   scope: null,
28 verbose parsed spec   name: 'gulp-rename',
28 verbose parsed spec   rawSpec: '^1.2.0',
28 verbose parsed spec   spec: '>=1.2.0 <2.0.0',
28 verbose parsed spec   type: 'range' }
29 verbose cache add [ 'bower@^1.3.3', null ]
30 verbose cache add spec="bower@^1.3.3" args=["bower@^1.3.3",null]
31 verbose parsed spec { raw: 'bower@^1.3.3',
31 verbose parsed spec   scope: null,
31 verbose parsed spec   name: 'bower',
31 verbose parsed spec   rawSpec: '^1.3.3',
31 verbose parsed spec   spec: '>=1.3.3 <2.0.0',
31 verbose parsed spec   type: 'range' }
32 verbose cache add [ 'gulp-util@^2.2.14', null ]
33 verbose cache add spec="gulp-util@^2.2.14" args=["gulp-util@^2.2.14",null]
34 verbose parsed spec { raw: 'gulp-util@^2.2.14',
34 verbose parsed spec   scope: null,
34 verbose parsed spec   name: 'gulp-util',
34 verbose parsed spec   rawSpec: '^2.2.14',
34 verbose parsed spec   spec: '>=2.2.14 <3.0.0',
34 verbose parsed spec   type: 'range' }
35 verbose cache add [ 'shelljs@^0.3.0', null ]
36 verbose cache add spec="shelljs@^0.3.0" args=["shelljs@^0.3.0",null]
37 verbose parsed spec { raw: 'shelljs@^0.3.0',
37 verbose parsed spec   scope: null,
37 verbose parsed spec   name: 'shelljs',
37 verbose parsed spec   rawSpec: '^0.3.0',
37 verbose parsed spec   spec: '>=0.3.0 <0.4.0',
37 verbose parsed spec   type: 'range' }
38 verbose parsed spec { raw: 'gulp-sass@^0.7.1',
38 verbose parsed spec   scope: null,
38 verbose parsed spec   name: 'gulp-sass',
38 verbose parsed spec   rawSpec: '^0.7.1',
38 verbose parsed spec   spec: '>=0.7.1 <0.8.0',
38 verbose parsed spec   type: 'range' }
39 verbose addNamed [ 'gulp-sass', '>=0.7.1 <0.8.0' ]
40 verbose addNamed [ null, '>=0.7.1 <0.8.0' ]
41 silly lockFile be5807fa-gulp-3-5-6-4-0-0 gulp@>=3.5.6 <4.0.0
42 verbose lock gulp@>=3.5.6 <4.0.0 /Users/brandon/.npm/be5807fa-gulp-3-5-6-4-0-0.lock
43 silly lockFile d6a07c0e-gulp-sass-0-7-1-0-8-0 gulp-sass@>=0.7.1 <0.8.0
44 verbose lock gulp-sass@>=0.7.1 <0.8.0 /Users/brandon/.npm/d6a07c0e-gulp-sass-0-7-1-0-8-0.lock
45 verbose parsed spec { raw: 'gulp-concat@^2.2.0',
45 verbose parsed spec   scope: null,
45 verbose parsed spec   name: 'gulp-concat',
45 verbose parsed spec   rawSpec: '^2.2.0',
45 verbose parsed spec   spec: '>=2.2.0 <3.0.0',
45 verbose parsed spec   type: 'range' }
46 verbose addNamed [ 'gulp-concat', '>=2.2.0 <3.0.0' ]
47 verbose addNamed [ null, '>=2.2.0 <3.0.0' ]
48 silly lockFile ed32e38e-gulp-concat-2-2-0-3-0-0 gulp-concat@>=2.2.0 <3.0.0
49 verbose lock gulp-concat@>=2.2.0 <3.0.0 /Users/brandon/.npm/ed32e38e-gulp-concat-2-2-0-3-0-0.lock
50 verbose parsed spec { raw: 'gulp-minify-css@^0.3.0',
50 verbose parsed spec   scope: null,
50 verbose parsed spec   name: 'gulp-minify-css',
50 verbose parsed spec   rawSpec: '^0.3.0',
50 verbose parsed spec   spec: '>=0.3.0 <0.4.0',
50 verbose parsed spec   type: 'range' }
51 verbose addNamed [ 'gulp-minify-css', '>=0.3.0 <0.4.0' ]
52 verbose addNamed [ null, '>=0.3.0 <0.4.0' ]
53 silly lockFile deb4afc0-gulp-minify-css-0-3-0-0-4-0 gulp-minify-css@>=0.3.0 <0.4.0
54 verbose lock gulp-minify-css@>=0.3.0 <0.4.0 /Users/brandon/.npm/deb4afc0-gulp-minify-css-0-3-0-0-4-0.lock
55 verbose parsed spec { raw: 'gulp-rename@^1.2.0',
55 verbose parsed spec   scope: null,
55 verbose parsed spec   name: 'gulp-rename',
55 verbose parsed spec   rawSpec: '^1.2.0',
55 verbose parsed spec   spec: '>=1.2.0 <2.0.0',
55 verbose parsed spec   type: 'range' }
56 verbose addNamed [ 'gulp-rename', '>=1.2.0 <2.0.0' ]
57 verbose addNamed [ null, '>=1.2.0 <2.0.0' ]
58 silly lockFile 9c4180ef-gulp-rename-1-2-0-2-0-0 gulp-rename@>=1.2.0 <2.0.0
59 verbose lock gulp-rename@>=1.2.0 <2.0.0 /Users/brandon/.npm/9c4180ef-gulp-rename-1-2-0-2-0-0.lock
60 verbose parsed spec { raw: 'bower@^1.3.3',
60 verbose parsed spec   scope: null,
60 verbose parsed spec   name: 'bower',
60 verbose parsed spec   rawSpec: '^1.3.3',
60 verbose parsed spec   spec: '>=1.3.3 <2.0.0',
60 verbose parsed spec   type: 'range' }
61 verbose addNamed [ 'bower', '>=1.3.3 <2.0.0' ]
62 verbose addNamed [ null, '>=1.3.3 <2.0.0' ]
63 silly lockFile 5e1af32a-bower-1-3-3-2-0-0 bower@>=1.3.3 <2.0.0
64 verbose lock bower@>=1.3.3 <2.0.0 /Users/brandon/.npm/5e1af32a-bower-1-3-3-2-0-0.lock
65 verbose parsed spec { raw: 'gulp-util@^2.2.14',
65 verbose parsed spec   scope: null,
65 verbose parsed spec   name: 'gulp-util',
65 verbose parsed spec   rawSpec: '^2.2.14',
65 verbose parsed spec   spec: '>=2.2.14 <3.0.0',
65 verbose parsed spec   type: 'range' }
66 verbose addNamed [ 'gulp-util', '>=2.2.14 <3.0.0' ]
67 verbose addNamed [ null, '>=2.2.14 <3.0.0' ]
68 silly lockFile 51460558-gulp-util-2-2-14-3-0-0 gulp-util@>=2.2.14 <3.0.0
69 verbose lock gulp-util@>=2.2.14 <3.0.0 /Users/brandon/.npm/51460558-gulp-util-2-2-14-3-0-0.lock
70 verbose parsed spec { raw: 'shelljs@^0.3.0',
70 verbose parsed spec   scope: null,
70 verbose parsed spec   name: 'shelljs',
70 verbose parsed spec   rawSpec: '^0.3.0',
70 verbose parsed spec   spec: '>=0.3.0 <0.4.0',
70 verbose parsed spec   type: 'range' }
71 verbose addNamed [ 'shelljs', '>=0.3.0 <0.4.0' ]
72 verbose addNamed [ null, '>=0.3.0 <0.4.0' ]
73 silly lockFile 607cf086-shelljs-0-3-0-0-4-0 shelljs@>=0.3.0 <0.4.0
74 verbose lock shelljs@>=0.3.0 <0.4.0 /Users/brandon/.npm/607cf086-shelljs-0-3-0-0-4-0.lock
75 silly addNameRange { name: 'gulp-sass', range: '>=0.7.1 <0.8.0', hasData: false }
76 verbose mapToRegistry name gulp-sass
77 verbose mapToRegistry uri https://registry.npmjs.org/gulp-sass
78 silly addNameRange { name: 'gulp', range: '>=3.5.6 <4.0.0', hasData: false }
79 verbose mapToRegistry name gulp
80 verbose mapToRegistry uri https://registry.npmjs.org/gulp
81 silly addNameRange { name: 'gulp-concat', range: '>=2.2.0 <3.0.0', hasData: false }
82 verbose mapToRegistry name gulp-concat
83 verbose mapToRegistry uri https://registry.npmjs.org/gulp-concat
84 silly addNameRange { name: 'gulp-rename', range: '>=1.2.0 <2.0.0', hasData: false }
85 verbose mapToRegistry name gulp-rename
86 verbose mapToRegistry uri https://registry.npmjs.org/gulp-rename
87 silly addNameRange { name: 'gulp-minify-css',
87 silly addNameRange   range: '>=0.3.0 <0.4.0',
87 silly addNameRange   hasData: false }
88 verbose mapToRegistry name gulp-minify-css
89 verbose mapToRegistry uri https://registry.npmjs.org/gulp-minify-css
90 silly addNameRange { name: 'bower', range: '>=1.3.3 <2.0.0', hasData: false }
91 verbose mapToRegistry name bower
92 verbose mapToRegistry uri https://registry.npmjs.org/bower
93 silly addNameRange { name: 'gulp-util', range: '>=2.2.14 <3.0.0', hasData: false }
94 verbose mapToRegistry name gulp-util
95 verbose mapToRegistry uri https://registry.npmjs.org/gulp-util
96 silly addNameRange { name: 'shelljs', range: '>=0.3.0 <0.4.0', hasData: false }
97 verbose mapToRegistry name shelljs
98 verbose mapToRegistry uri https://registry.npmjs.org/shelljs
99 verbose request on initialization, where is /gulp-sass
100 verbose request after pass 1, where is /gulp-sass
101 verbose request url raw /gulp-sass
102 verbose request resolving registry [ 'https://registry.npmjs.org/', './gulp-sass' ]
103 verbose request after pass 2, where is https://registry.npmjs.org/gulp-sass
104 verbose request no auth needed
105 info attempt registry request try #1 at 19:31:12
106 verbose request id 96cc2836c631c8b9
107 http request GET https://registry.npmjs.org/gulp-sass
108 verbose request on initialization, where is /gulp-concat
109 verbose request after pass 1, where is /gulp-concat
110 verbose request url raw /gulp-concat
111 verbose request resolving registry [ 'https://registry.npmjs.org/', './gulp-concat' ]
112 verbose request after pass 2, where is https://registry.npmjs.org/gulp-concat
113 verbose request no auth needed
114 info attempt registry request try #1 at 19:31:12
115 http request GET https://registry.npmjs.org/gulp-concat
116 verbose request on initialization, where is /gulp-rename
117 verbose request after pass 1, where is /gulp-rename
118 verbose request url raw /gulp-rename
119 verbose request resolving registry [ 'https://registry.npmjs.org/', './gulp-rename' ]
120 verbose request after pass 2, where is https://registry.npmjs.org/gulp-rename
121 verbose request no auth needed
122 info attempt registry request try #1 at 19:31:12
123 http request GET https://registry.npmjs.org/gulp-rename
124 verbose request on initialization, where is /gulp-minify-css
125 verbose request after pass 1, where is /gulp-minify-css
126 verbose request url raw /gulp-minify-css
127 verbose request resolving registry [ 'https://registry.npmjs.org/', './gulp-minify-css' ]
128 verbose request after pass 2, where is https://registry.npmjs.org/gulp-minify-css
129 verbose request no auth needed
130 info attempt registry request try #1 at 19:31:12
131 http request GET https://registry.npmjs.org/gulp-minify-css
132 verbose request on initialization, where is /gulp
133 verbose request after pass 1, where is /gulp
134 verbose request url raw /gulp
135 verbose request resolving registry [ 'https://registry.npmjs.org/', './gulp' ]
136 verbose request after pass 2, where is https://registry.npmjs.org/gulp
137 verbose request no auth needed
138 info attempt registry request try #1 at 19:31:12
139 verbose etag "1Z2J42GDWS7XWIB19BS38GHCS"
140 http request GET https://registry.npmjs.org/gulp
141 verbose request on initialization, where is /gulp-util
142 verbose request after pass 1, where is /gulp-util
143 verbose request url raw /gulp-util
144 verbose request resolving registry [ 'https://registry.npmjs.org/', './gulp-util' ]
145 verbose request after pass 2, where is https://registry.npmjs.org/gulp-util
146 verbose request no auth needed
147 info attempt registry request try #1 at 19:31:12
148 verbose etag "EY1H6ZAEPNGCCBJF6ZOIXS5FX"
149 http request GET https://registry.npmjs.org/gulp-util
150 verbose request on initialization, where is /bower
151 verbose request after pass 1, where is /bower
152 verbose request url raw /bower
153 verbose request resolving registry [ 'https://registry.npmjs.org/', './bower' ]
154 verbose request after pass 2, where is https://registry.npmjs.org/bower
155 verbose request no auth needed
156 info attempt registry request try #1 at 19:31:12
157 verbose etag "9TRN9C51C2GRVQLWJPEMU8N5A"
158 http request GET https://registry.npmjs.org/bower
159 verbose request on initialization, where is /shelljs
160 verbose request after pass 1, where is /shelljs
161 verbose request url raw /shelljs
162 verbose request resolving registry [ 'https://registry.npmjs.org/', './shelljs' ]
163 verbose request after pass 2, where is https://registry.npmjs.org/shelljs
164 verbose request no auth needed
165 info attempt registry request try #1 at 19:31:12
166 verbose etag "2FHKL7WZEJD7D1XJJ26XEHV2N"
167 http request GET https://registry.npmjs.org/shelljs
168 http 200 https://registry.npmjs.org/gulp-sass
169 silly registry.get cb [ 200,
169 silly registry.get   { date: 'Sat, 21 Mar 2015 02:31:13 GMT',
169 silly registry.get     server: 'CouchDB/1.5.0 (Erlang OTP/R16B03)',
169 silly registry.get     etag: '"9CCTXA2XN16TWXP4B0FC74P3I"',
169 silly registry.get     'content-type': 'application/json',
169 silly registry.get     'cache-control': 'max-age=60',
169 silly registry.get     'content-length': '31879',
169 silly registry.get     'accept-ranges': 'bytes',
169 silly registry.get     via: '1.1 varnish',
169 silly registry.get     age: '37',
169 silly registry.get     'x-served-by': 'cache-lax1424-LAX',
169 silly registry.get     'x-cache': 'HIT',
169 silly registry.get     'x-cache-hits': '13',
169 silly registry.get     'x-timer': 'S1426905073.931348,VS0,VE0',
169 silly registry.get     vary: 'Accept',
169 silly registry.get     'keep-alive': 'timeout=10, max=50',
169 silly registry.get     connection: 'Keep-Alive' } ]
170 silly addNameRange number 2 { name: 'gulp-sass', range: '>=0.7.1 <0.8.0', hasData: true }
171 silly addNameRange versions [ 'gulp-sass',
171 silly addNameRange   [ '0.1.0',
171 silly addNameRange     '0.2.1',
171 silly addNameRange     '0.2.2',
171 silly addNameRange     '0.2.3',
171 silly addNameRange     '0.3.0',
171 silly addNameRange     '0.4.0',
171 silly addNameRange     '0.4.1',
171 silly addNameRange     '0.5.0',
171 silly addNameRange     '0.5.1',
171 silly addNameRange     '0.5.2',
171 silly addNameRange     '0.6.0',
171 silly addNameRange     '0.7.0',
171 silly addNameRange     '0.7.1',
171 silly addNameRange     '0.7.2',
171 silly addNameRange     '0.7.3',
171 silly addNameRange     '1.0.0',
171 silly addNameRange     '1.1.0',
171 silly addNameRange     '1.2.0',
171 silly addNameRange     '1.2.1',
171 silly addNameRange     '1.2.2',
171 silly addNameRange     '1.2.3',
171 silly addNameRange     '1.2.4',
171 silly addNameRange     '1.3.0',
171 silly addNameRange     '1.3.1',
171 silly addNameRange     '1.3.2',
171 silly addNameRange     '1.3.3' ] ]
172 verbose addNamed [ 'gulp-sass', '0.7.3' ]
173 verbose addNamed [ '0.7.3', '0.7.3' ]
174 silly lockFile 721f0c96-gulp-sass-0-7-3 gulp-sass@0.7.3
175 verbose lock gulp-sass@0.7.3 /Users/brandon/.npm/721f0c96-gulp-sass-0-7-3.lock
176 silly lockFile d66f14f4-rg-gulp-sass-gulp-sass-0-7-3-tgz https://registry.npmjs.org/gulp-sass/-/gulp-sass-0.7.3.tgz
177 verbose lock https://registry.npmjs.org/gulp-sass/-/gulp-sass-0.7.3.tgz /Users/brandon/.npm/d66f14f4-rg-gulp-sass-gulp-sass-0-7-3-tgz.lock
178 verbose addRemoteTarball [ 'https://registry.npmjs.org/gulp-sass/-/gulp-sass-0.7.3.tgz',
178 verbose addRemoteTarball   '4bfbb4e4d95a40be8beeebe07e8e477e7f7a2edc' ]
179 info retry fetch attempt 1 at 19:31:12
180 info attempt registry request try #1 at 19:31:12
181 http fetch GET https://registry.npmjs.org/gulp-sass/-/gulp-sass-0.7.3.tgz
182 http 200 https://registry.npmjs.org/gulp
183 silly registry.get cb [ 200,
183 silly registry.get   { date: 'Sat, 21 Mar 2015 02:31:13 GMT',
183 silly registry.get     server: 'CouchDB/1.5.0 (Erlang OTP/R16B03)',
183 silly registry.get     etag: '"54T73DUZY6ALTKQURED9TUOAJ"',
183 silly registry.get     'content-type': 'application/json',
183 silly registry.get     'cache-control': 'max-age=60',
183 silly registry.get     'content-length': '100195',
183 silly registry.get     'accept-ranges': 'bytes',
183 silly registry.get     via: '1.1 varnish',
183 silly registry.get     age: '38',
183 silly registry.get     'x-served-by': 'cache-lax1429-LAX',
183 silly registry.get     'x-cache': 'HIT',
183 silly registry.get     'x-cache-hits': '1',
183 silly registry.get     'x-timer': 'S1426905073.958477,VS0,VE0',
183 silly registry.get     vary: 'Accept',
183 silly registry.get     'keep-alive': 'timeout=10, max=50',
183 silly registry.get     connection: 'Keep-Alive' } ]
184 http 200 https://registry.npmjs.org/gulp-concat
185 silly registry.get cb [ 200,
185 silly registry.get   { date: 'Sat, 21 Mar 2015 02:31:14 GMT',
185 silly registry.get     server: 'CouchDB/1.5.0 (Erlang OTP/R16B03)',
185 silly registry.get     etag: '"91WDI72QSCSXRZM6S0F0BJ4AC"',
185 silly registry.get     'content-type': 'application/json',
185 silly registry.get     'cache-control': 'max-age=60',
185 silly registry.get     'content-length': '34684',
185 silly registry.get     'accept-ranges': 'bytes',
185 silly registry.get     via: '1.1 varnish',
185 silly registry.get     age: '0',
185 silly registry.get     'x-served-by': 'cache-lax1428-LAX',
185 silly registry.get     'x-cache': 'HIT',
185 silly registry.get     'x-cache-hits': '1',
185 silly registry.get     'x-timer': 'S1426905073.928989,VS0,VE78',
185 silly registry.get     vary: 'Accept',
185 silly registry.get     'keep-alive': 'timeout=10, max=50',
185 silly registry.get     connection: 'Keep-Alive' } ]
186 http 200 https://registry.npmjs.org/gulp-rename
187 silly registry.get cb [ 200,
187 silly registry.get   { date: 'Sat, 21 Mar 2015 02:31:14 GMT',
187 silly registry.get     server: 'CouchDB/1.5.0 (Erlang OTP/R16B03)',
187 silly registry.get     etag: '"BDDIIZPJYYWKVGMDYA8FKLVUZ"',
187 silly registry.get     'content-type': 'application/json',
187 silly registry.get     'cache-control': 'max-age=60',
187 silly registry.get     'content-length': '10085',
187 silly registry.get     'accept-ranges': 'bytes',
187 silly registry.get     via: '1.1 varnish',
187 silly registry.get     age: '0',
187 silly registry.get     'x-served-by': 'cache-lax1433-LAX',
187 silly registry.get     'x-cache': 'HIT',
187 silly registry.get     'x-cache-hits': '1',
187 silly registry.get     'x-timer': 'S1426905073.926638,VS0,VE179',
187 silly registry.get     vary: 'Accept',
187 silly registry.get     'keep-alive': 'timeout=10, max=50',
187 silly registry.get     connection: 'Keep-Alive' } ]
188 silly addNameRange number 2 { name: 'gulp-concat', range: '>=2.2.0 <3.0.0', hasData: true }
189 silly addNameRange versions [ 'gulp-concat',
189 silly addNameRange   [ '0.0.1',
189 silly addNameRange     '1.0.0',
189 silly addNameRange     '1.1.0',
189 silly addNameRange     '2.0.0',
189 silly addNameRange     '2.1.0',
189 silly addNameRange     '2.1.1',
189 silly addNameRange     '2.1.2',
189 silly addNameRange     '2.1.3',
189 silly addNameRange     '2.1.4',
189 silly addNameRange     '2.1.5',
189 silly addNameRange     '2.1.6',
189 silly addNameRange     '2.1.7',
189 silly addNameRange     '2.2.0',
189 silly addNameRange     '2.3.0',
189 silly addNameRange     '2.3.3',
189 silly addNameRange     '2.3.4',
189 silly addNameRange     '2.3.5',
189 silly addNameRange     '2.4.0',
189 silly addNameRange     '2.4.1',
189 silly addNameRange     '2.4.2',
189 silly addNameRange     '2.4.3',
189 silly addNameRange     '2.5.0',
189 silly addNameRange     '2.5.1',
189 silly addNameRange     '2.5.2' ] ]
190 verbose addNamed [ 'gulp-concat', '2.5.2' ]
191 verbose addNamed [ '2.5.2', '2.5.2' ]
192 silly lockFile f86cbda2-gulp-concat-2-5-2 gulp-concat@2.5.2
193 verbose lock gulp-concat@2.5.2 /Users/brandon/.npm/f86cbda2-gulp-concat-2-5-2.lock
194 silly addNameRange number 2 { name: 'gulp', range: '>=3.5.6 <4.0.0', hasData: true }
195 silly addNameRange versions [ 'gulp',
195 silly addNameRange   [ '0.0.1',
195 silly addNameRange     '0.0.2',
195 silly addNameRange     '0.0.3',
195 silly addNameRange     '0.0.4',
195 silly addNameRange     '0.0.5',
195 silly addNameRange     '0.0.7',
195 silly addNameRange     '0.0.8',
195 silly addNameRange     '0.0.9',
195 silly addNameRange     '0.1.0',
195 silly addNameRange     '0.2.0',
195 silly addNameRange     '1.0.0',
195 silly addNameRange     '1.1.0',
195 silly addNameRange     '1.2.0',
195 silly addNameRange     '1.2.1',
195 silly addNameRange     '2.0.0',
195 silly addNameRange     '2.0.1',
195 silly addNameRange     '2.1.0',
195 silly addNameRange     '2.2.0',
195 silly addNameRange     '2.3.0',
195 silly addNameRange     '2.4.0',
195 silly addNameRange     '2.4.1',
195 silly addNameRange     '2.6.0',
195 silly addNameRange     '2.6.1',
195 silly addNameRange     '2.7.0',
195 silly addNameRange     '3.0.0',
195 silly addNameRange     '3.1.1',
195 silly addNameRange     '3.1.2',
195 silly addNameRange     '3.1.3',
195 silly addNameRange     '3.1.4',
195 silly addNameRange     '3.2.0',
195 silly addNameRange     '3.2.1',
195 silly addNameRange     '3.2.2',
195 silly addNameRange     '3.2.3',
195 silly addNameRange     '3.2.4',
195 silly addNameRange     '3.2.5',
195 silly addNameRange     '3.3.0',
195 silly addNameRange     '3.3.1',
195 silly addNameRange     '3.3.2',
195 silly addNameRange     '3.3.4',
195 silly addNameRange     '3.4.0',
195 silly addNameRange     '3.5.0',
195 silly addNameRange     '3.5.1',
195 silly addNameRange     '3.5.2',
195 silly addNameRange     '3.5.5',
195 silly addNameRange     '3.5.6',
195 silly addNameRange     '3.6.0',
195 silly addNameRange     '3.6.1',
195 silly addNameRange     '3.6.2',
195 silly addNameRange     '3.7.0',
195 silly addNameRange     '3.8.0',
195 silly addNameRange     '3.8.1',
195 silly addNameRange     '3.8.2',
195 silly addNameRange     '3.8.3',
195 silly addNameRange     '3.8.4',
195 silly addNameRange     '3.8.5',
195 silly addNameRange     '3.8.6',
195 silly addNameRange     '3.8.7',
195 silly addNameRange     '3.8.8',
195 silly addNameRange     '3.8.9',
195 silly addNameRange     '3.8.10',
195 silly addNameRange     '3.8.11' ] ]
196 verbose addNamed [ 'gulp', '3.8.11' ]
197 verbose addNamed [ '3.8.11', '3.8.11' ]
198 silly lockFile 3d31ec08-gulp-3-8-11 gulp@3.8.11
199 verbose lock gulp@3.8.11 /Users/brandon/.npm/3d31ec08-gulp-3-8-11.lock
200 silly addNameRange number 2 { name: 'gulp-rename', range: '>=1.2.0 <2.0.0', hasData: true }
201 silly addNameRange versions [ 'gulp-rename',
201 silly addNameRange   [ '0.1.0', '0.2.1', '0.2.2', '1.0.0', '1.1.0', '1.2.0' ] ]
202 verbose addNamed [ 'gulp-rename', '1.2.0' ]
203 verbose addNamed [ '1.2.0', '1.2.0' ]
204 silly lockFile 5981c611-gulp-rename-1-2-0 gulp-rename@1.2.0
205 verbose lock gulp-rename@1.2.0 /Users/brandon/.npm/5981c611-gulp-rename-1-2-0.lock
206 silly lockFile 2b63d021-ulp-concat-gulp-concat-2-5-2-tgz https://registry.npmjs.org/gulp-concat/-/gulp-concat-2.5.2.tgz
207 verbose lock https://registry.npmjs.org/gulp-concat/-/gulp-concat-2.5.2.tgz /Users/brandon/.npm/2b63d021-ulp-concat-gulp-concat-2-5-2-tgz.lock
208 silly lockFile b4be9a05-ulp-rename-gulp-rename-1-2-0-tgz https://registry.npmjs.org/gulp-rename/-/gulp-rename-1.2.0.tgz
209 verbose lock https://registry.npmjs.org/gulp-rename/-/gulp-rename-1.2.0.tgz /Users/brandon/.npm/b4be9a05-ulp-rename-gulp-rename-1-2-0-tgz.lock
210 verbose addRemoteTarball [ 'https://registry.npmjs.org/gulp-concat/-/gulp-concat-2.5.2.tgz',
210 verbose addRemoteTarball   'd644372cdc2b3cdb421a8a941c8d74e21d815f14' ]
211 silly lockFile 2528ddbe-y-npmjs-org-gulp-gulp-3-8-11-tgz https://registry.npmjs.org/gulp/-/gulp-3.8.11.tgz
212 verbose lock https://registry.npmjs.org/gulp/-/gulp-3.8.11.tgz /Users/brandon/.npm/2528ddbe-y-npmjs-org-gulp-gulp-3-8-11-tgz.lock
213 verbose addRemoteTarball [ 'https://registry.npmjs.org/gulp-rename/-/gulp-rename-1.2.0.tgz',
213 verbose addRemoteTarball   '060394a09b085cf5d46fc48acdc5657f8fee9e4e' ]
214 verbose addRemoteTarball [ 'https://registry.npmjs.org/gulp/-/gulp-3.8.11.tgz',
214 verbose addRemoteTarball   'd557e0a7283eb4136491969b0497767972f1d28a' ]
215 info retry fetch attempt 1 at 19:31:12
216 info attempt registry request try #1 at 19:31:12
217 http fetch GET https://registry.npmjs.org/gulp-concat/-/gulp-concat-2.5.2.tgz
218 info retry fetch attempt 1 at 19:31:12
219 info attempt registry request try #1 at 19:31:12
220 http fetch GET https://registry.npmjs.org/gulp-rename/-/gulp-rename-1.2.0.tgz
221 info retry fetch attempt 1 at 19:31:12
222 info attempt registry request try #1 at 19:31:12
223 http fetch GET https://registry.npmjs.org/gulp/-/gulp-3.8.11.tgz
224 http 304 https://registry.npmjs.org/shelljs
225 silly registry.get cb [ 304,
225 silly registry.get   { date: 'Sat, 21 Mar 2015 02:31:14 GMT',
225 silly registry.get     server: 'Apache',
225 silly registry.get     via: '1.1 varnish',
225 silly registry.get     'last-modified': 'Sat, 21 Mar 2015 02:31:14 GMT',
225 silly registry.get     'cache-control': 'max-age=60',
225 silly registry.get     etag: '"2FHKL7WZEJD7D1XJJ26XEHV2N"',
225 silly registry.get     age: '41',
225 silly registry.get     'x-served-by': 'cache-lax1428-LAX',
225 silly registry.get     'x-cache': 'HIT',
225 silly registry.get     'x-cache-hits': '1',
225 silly registry.get     'x-timer': 'S1426905074.145340,VS0,VE0',
225 silly registry.get     vary: 'Accept',
225 silly registry.get     'content-length': '0',
225 silly registry.get     'keep-alive': 'timeout=10, max=49',
225 silly registry.get     connection: 'Keep-Alive' } ]
226 verbose etag https://registry.npmjs.org/shelljs from cache
227 silly addNameRange number 2 { name: 'shelljs', range: '>=0.3.0 <0.4.0', hasData: true }
228 silly addNameRange versions [ 'shelljs',
228 silly addNameRange   [ '0.0.1',
228 silly addNameRange     '0.0.2',
228 silly addNameRange     '0.0.3',
228 silly addNameRange     '0.0.4',
228 silly addNameRange     '0.0.5',
228 silly addNameRange     '0.0.6',
228 silly addNameRange     '0.0.7',
228 silly addNameRange     '0.0.8',
228 silly addNameRange     '0.0.9',
228 silly addNameRange     '0.1.0',
228 silly addNameRange     '0.1.1',
228 silly addNameRange     '0.1.2',
228 silly addNameRange     '0.1.3',
228 silly addNameRange     '0.1.4',
228 silly addNameRange     '0.2.0',
228 silly addNameRange     '0.2.1',
228 silly addNameRange     '0.2.2',
228 silly addNameRange     '0.2.3',
228 silly addNameRange     '0.2.4',
228 silly addNameRange     '0.2.5',
228 silly addNameRange     '0.2.6',
228 silly addNameRange     '0.3.0',
228 silly addNameRange     '0.4.0',
228 silly addNameRange     '0.0.1-alpha1',
228 silly addNameRange     '0.0.2-pre1',
228 silly addNameRange     '0.0.4-pre1',
228 silly addNameRange     '0.0.5-pre1',
228 silly addNameRange     '0.0.5-pre2',
228 silly addNameRange     '0.0.5-pre3',
228 silly addNameRange     '0.0.5-pre4',
228 silly addNameRange     '0.0.6-pre1',
228 silly addNameRange     '0.0.6-pre2' ] ]
229 verbose addNamed [ 'shelljs', '0.3.0' ]
230 verbose addNamed [ '0.3.0', '0.3.0' ]
231 silly lockFile 7d3918b1-shelljs-0-3-0 shelljs@0.3.0
232 verbose lock shelljs@0.3.0 /Users/brandon/.npm/7d3918b1-shelljs-0-3-0.lock
233 http 200 https://registry.npmjs.org/gulp-util
234 silly registry.get cb [ 200,
234 silly registry.get   { date: 'Sat, 21 Mar 2015 02:31:14 GMT',
234 silly registry.get     server: 'CouchDB/1.5.0 (Erlang OTP/R16B03)',
234 silly registry.get     etag: '"8RSN3VZXNEO83SYIF4TNF3LUM"',
234 silly registry.get     'content-type': 'application/json',
234 silly registry.get     'cache-control': 'max-age=60',
234 silly registry.get     'content-length': '55104',
234 silly registry.get     'accept-ranges': 'bytes',
234 silly registry.get     via: '1.1 varnish',
234 silly registry.get     age: '0',
234 silly registry.get     'x-served-by': 'cache-lax1424-LAX',
234 silly registry.get     'x-cache': 'HIT',
234 silly registry.get     'x-cache-hits': '1',
234 silly registry.get     'x-timer': 'S1426905074.028397,VS0,VE77',
234 silly registry.get     vary: 'Accept',
234 silly registry.get     'keep-alive': 'timeout=10, max=49',
234 silly registry.get     connection: 'Keep-Alive' } ]
235 http fetch 200 https://registry.npmjs.org/gulp-sass/-/gulp-sass-0.7.3.tgz
236 silly fetchAndShaCheck shasum 4bfbb4e4d95a40be8beeebe07e8e477e7f7a2edc
237 silly addNameRange number 2 { name: 'gulp-util', range: '>=2.2.14 <3.0.0', hasData: true }
238 silly addNameRange versions [ 'gulp-util',
238 silly addNameRange   [ '0.0.1',
238 silly addNameRange     '1.0.0',
238 silly addNameRange     '1.1.0',
238 silly addNameRange     '1.1.1',
238 silly addNameRange     '1.2.0',
238 silly addNameRange     '1.3.0',
238 silly addNameRange     '2.0.0',
238 silly addNameRange     '2.1.1',
238 silly addNameRange     '2.1.2',
238 silly addNameRange     '2.1.3',
238 silly addNameRange     '2.1.4',
238 silly addNameRange     '2.2.0',
238 silly addNameRange     '2.2.1',
238 silly addNameRange     '2.2.2',
238 silly addNameRange     '2.2.3',
238 silly addNameRange     '2.2.5',
238 silly addNameRange     '2.2.6',
238 silly addNameRange     '2.2.7',
238 silly addNameRange     '2.2.8',
238 silly addNameRange     '2.2.9',
238 silly addNameRange     '2.2.10',
238 silly addNameRange     '2.2.11',
238 silly addNameRange     '2.2.12',
238 silly addNameRange     '2.2.13',
238 silly addNameRange     '2.2.14',
238 silly addNameRange     '2.2.15',
238 silly addNameRange     '2.2.16',
238 silly addNameRange     '2.2.17',
238 silly addNameRange     '2.2.18',
238 silly addNameRange     '2.2.19',
238 silly addNameRange     '2.2.20',
238 silly addNameRange     '3.0.0',
238 silly addNameRange     '3.0.1',
238 silly addNameRange     '3.0.2',
238 silly addNameRange     '3.0.3',
238 silly addNameRange     '3.0.4' ] ]
239 verbose addNamed [ 'gulp-util', '2.2.20' ]
240 verbose addNamed [ '2.2.20', '2.2.20' ]
241 silly lockFile 48c194cb-gulp-util-2-2-20 gulp-util@2.2.20
242 verbose lock gulp-util@2.2.20 /Users/brandon/.npm/48c194cb-gulp-util-2-2-20.lock
243 silly lockFile 7d3918b1-shelljs-0-3-0 shelljs@0.3.0
244 silly lockFile 7d3918b1-shelljs-0-3-0 shelljs@0.3.0
245 silly lockFile 607cf086-shelljs-0-3-0-0-4-0 shelljs@>=0.3.0 <0.4.0
246 silly lockFile 607cf086-shelljs-0-3-0-0-4-0 shelljs@>=0.3.0 <0.4.0
247 silly lockFile 34166e88-g-gulp-util-gulp-util-2-2-20-tgz https://registry.npmjs.org/gulp-util/-/gulp-util-2.2.20.tgz
248 verbose lock https://registry.npmjs.org/gulp-util/-/gulp-util-2.2.20.tgz /Users/brandon/.npm/34166e88-g-gulp-util-gulp-util-2-2-20-tgz.lock
249 verbose addRemoteTarball [ 'https://registry.npmjs.org/gulp-util/-/gulp-util-2.2.20.tgz',
249 verbose addRemoteTarball   'd7146e5728910bd8f047a6b0b1e549bc22dbd64c' ]
250 info retry fetch attempt 1 at 19:31:12
251 info attempt registry request try #1 at 19:31:12
252 http fetch GET https://registry.npmjs.org/gulp-util/-/gulp-util-2.2.20.tgz
253 silly lockFile d66f14f4-rg-gulp-sass-gulp-sass-0-7-3-tgz https://registry.npmjs.org/gulp-sass/-/gulp-sass-0.7.3.tgz
254 silly lockFile d66f14f4-rg-gulp-sass-gulp-sass-0-7-3-tgz https://registry.npmjs.org/gulp-sass/-/gulp-sass-0.7.3.tgz
255 silly lockFile 721f0c96-gulp-sass-0-7-3 gulp-sass@0.7.3
256 silly lockFile 721f0c96-gulp-sass-0-7-3 gulp-sass@0.7.3
257 silly lockFile d6a07c0e-gulp-sass-0-7-1-0-8-0 gulp-sass@>=0.7.1 <0.8.0
258 silly lockFile d6a07c0e-gulp-sass-0-7-1-0-8-0 gulp-sass@>=0.7.1 <0.8.0
259 http fetch 200 https://registry.npmjs.org/gulp-concat/-/gulp-concat-2.5.2.tgz
260 silly fetchAndShaCheck shasum d644372cdc2b3cdb421a8a941c8d74e21d815f14
261 silly lockFile 2b63d021-ulp-concat-gulp-concat-2-5-2-tgz https://registry.npmjs.org/gulp-concat/-/gulp-concat-2.5.2.tgz
262 silly lockFile 2b63d021-ulp-concat-gulp-concat-2-5-2-tgz https://registry.npmjs.org/gulp-concat/-/gulp-concat-2.5.2.tgz
263 silly lockFile f86cbda2-gulp-concat-2-5-2 gulp-concat@2.5.2
264 silly lockFile f86cbda2-gulp-concat-2-5-2 gulp-concat@2.5.2
265 silly lockFile ed32e38e-gulp-concat-2-2-0-3-0-0 gulp-concat@>=2.2.0 <3.0.0
266 silly lockFile ed32e38e-gulp-concat-2-2-0-3-0-0 gulp-concat@>=2.2.0 <3.0.0
267 http 200 https://registry.npmjs.org/gulp-minify-css
268 silly registry.get cb [ 200,
268 silly registry.get   { date: 'Sat, 21 Mar 2015 02:31:14 GMT',
268 silly registry.get     server: 'CouchDB/1.5.0 (Erlang OTP/R16B03)',
268 silly registry.get     etag: '"CC44L2NNQDIWT6OA2WBKM4V81"',
268 silly registry.get     'content-type': 'application/json',
268 silly registry.get     'cache-control': 'max-age=60',
268 silly registry.get     'content-length': '42088',
268 silly registry.get     'accept-ranges': 'bytes',
268 silly registry.get     via: '1.1 varnish',
268 silly registry.get     age: '0',
268 silly registry.get     'x-served-by': 'cache-lax1431-LAX',
268 silly registry.get     'x-cache': 'HIT',
268 silly registry.get     'x-cache-hits': '1',
268 silly registry.get     'x-timer': 'S1426905073.924447,VS0,VE184',
268 silly registry.get     vary: 'Accept',
268 silly registry.get     'keep-alive': 'timeout=10, max=50',
268 silly registry.get     connection: 'Keep-Alive' } ]
269 http fetch 200 https://registry.npmjs.org/gulp-rename/-/gulp-rename-1.2.0.tgz
270 http fetch 200 https://registry.npmjs.org/gulp/-/gulp-3.8.11.tgz
271 silly fetchAndShaCheck shasum 060394a09b085cf5d46fc48acdc5657f8fee9e4e
272 silly addNameRange number 2 { name: 'gulp-minify-css',
272 silly addNameRange   range: '>=0.3.0 <0.4.0',
272 silly addNameRange   hasData: true }
273 silly addNameRange versions [ 'gulp-minify-css',
273 silly addNameRange   [ '0.0.1',
273 silly addNameRange     '0.1.0',
273 silly addNameRange     '0.2.0',
273 silly addNameRange     '0.3.0',
273 silly addNameRange     '0.3.1',
273 silly addNameRange     '0.3.2',
273 silly addNameRange     '0.3.3',
273 silly addNameRange     '0.3.4',
273 silly addNameRange     '0.3.5',
273 silly addNameRange     '0.3.6',
273 silly addNameRange     '0.3.7',
273 silly addNameRange     '0.3.8',
273 silly addNameRange     '0.3.9',
273 silly addNameRange     '0.3.10',
273 silly addNameRange     '0.3.11',
273 silly addNameRange     '0.3.12',
273 silly addNameRange     '0.3.13',
273 silly addNameRange     '0.4.0',
273 silly addNameRange     '0.4.1',
273 silly addNameRange     '0.4.2',
273 silly addNameRange     '0.4.3',
273 silly addNameRange     '0.4.4',
273 silly addNameRange     '0.4.5',
273 silly addNameRange     '0.4.6',
273 silly addNameRange     '0.5.0',
273 silly addNameRange     '0.5.1',
273 silly addNameRange     '1.0.0' ] ]
274 verbose addNamed [ 'gulp-minify-css', '0.3.13' ]
275 verbose addNamed [ '0.3.13', '0.3.13' ]
276 silly lockFile 9038a954-gulp-minify-css-0-3-13 gulp-minify-css@0.3.13
277 verbose lock gulp-minify-css@0.3.13 /Users/brandon/.npm/9038a954-gulp-minify-css-0-3-13.lock
278 silly fetchAndShaCheck shasum d557e0a7283eb4136491969b0497767972f1d28a
279 silly lockFile 8781e9f5-y-css-gulp-minify-css-0-3-13-tgz https://registry.npmjs.org/gulp-minify-css/-/gulp-minify-css-0.3.13.tgz
280 verbose lock https://registry.npmjs.org/gulp-minify-css/-/gulp-minify-css-0.3.13.tgz /Users/brandon/.npm/8781e9f5-y-css-gulp-minify-css-0-3-13-tgz.lock
281 verbose addRemoteTarball [ 'https://registry.npmjs.org/gulp-minify-css/-/gulp-minify-css-0.3.13.tgz',
281 verbose addRemoteTarball   'ba813c665422868305383ccd185f239c1e35209b' ]
282 silly lockFile 2528ddbe-y-npmjs-org-gulp-gulp-3-8-11-tgz https://registry.npmjs.org/gulp/-/gulp-3.8.11.tgz
283 silly lockFile 2528ddbe-y-npmjs-org-gulp-gulp-3-8-11-tgz https://registry.npmjs.org/gulp/-/gulp-3.8.11.tgz
284 silly lockFile 3d31ec08-gulp-3-8-11 gulp@3.8.11
285 silly lockFile 3d31ec08-gulp-3-8-11 gulp@3.8.11
286 info retry fetch attempt 1 at 19:31:12
287 info attempt registry request try #1 at 19:31:12
288 http fetch GET https://registry.npmjs.org/gulp-minify-css/-/gulp-minify-css-0.3.13.tgz
289 silly lockFile be5807fa-gulp-3-5-6-4-0-0 gulp@>=3.5.6 <4.0.0
290 silly lockFile be5807fa-gulp-3-5-6-4-0-0 gulp@>=3.5.6 <4.0.0
291 silly lockFile b4be9a05-ulp-rename-gulp-rename-1-2-0-tgz https://registry.npmjs.org/gulp-rename/-/gulp-rename-1.2.0.tgz
292 silly lockFile b4be9a05-ulp-rename-gulp-rename-1-2-0-tgz https://registry.npmjs.org/gulp-rename/-/gulp-rename-1.2.0.tgz
293 silly lockFile 5981c611-gulp-rename-1-2-0 gulp-rename@1.2.0
294 silly lockFile 5981c611-gulp-rename-1-2-0 gulp-rename@1.2.0
295 silly lockFile 9c4180ef-gulp-rename-1-2-0-2-0-0 gulp-rename@>=1.2.0 <2.0.0
296 silly lockFile 9c4180ef-gulp-rename-1-2-0-2-0-0 gulp-rename@>=1.2.0 <2.0.0
297 http 200 https://registry.npmjs.org/bower
298 silly registry.get cb [ 200,
298 silly registry.get   { date: 'Sat, 21 Mar 2015 02:31:14 GMT',
298 silly registry.get     server: 'CouchDB/1.5.0 (Erlang OTP/R16B03)',
298 silly registry.get     etag: '"7XOOQCTYTAH7EZVNOT9V5QF1C"',
298 silly registry.get     'content-type': 'application/json',
298 silly registry.get     'cache-control': 'max-age=60',
298 silly registry.get     'content-length': '106160',
298 silly registry.get     'accept-ranges': 'bytes',
298 silly registry.get     via: '1.1 varnish',
298 silly registry.get     age: '6',
298 silly registry.get     'x-served-by': 'cache-lax1429-LAX',
298 silly registry.get     'x-cache': 'HIT',
298 silly registry.get     'x-cache-hits': '1',
298 silly registry.get     'x-timer': 'S1426905074.144053,VS0,VE0',
298 silly registry.get     vary: 'Accept',
298 silly registry.get     'keep-alive': 'timeout=10, max=49',
298 silly registry.get     connection: 'Keep-Alive' } ]
299 silly addNameRange number 2 { name: 'bower', range: '>=1.3.3 <2.0.0', hasData: true }
300 silly addNameRange versions [ 'bower',
300 silly addNameRange   [ '0.1.0',
300 silly addNameRange     '0.1.2',
300 silly addNameRange     '0.1.3',
300 silly addNameRange     '0.2.0',
300 silly addNameRange     '0.3.0',
300 silly addNameRange     '0.3.1',
300 silly addNameRange     '0.3.2',
300 silly addNameRange     '0.4.0',
300 silly addNameRange     '0.5.0',
300 silly addNameRange     '0.5.1',
300 silly addNameRange     '0.6.0',
300 silly addNameRange     '0.6.1',
300 silly addNameRange     '0.6.2',
300 silly addNameRange     '0.6.3',
300 silly addNameRange     '0.6.4',
300 silly addNameRange     '0.6.5',
300 silly addNameRange     '0.6.6',
300 silly addNameRange     '0.6.7',
300 silly addNameRange     '0.6.8',
300 silly addNameRange     '0.7.0',
300 silly addNameRange     '0.7.1',
300 silly addNameRange     '0.8.0',
300 silly addNameRange     '0.8.1',
300 silly addNameRange     '0.8.2',
300 silly addNameRange     '0.8.3',
300 silly addNameRange     '0.8.4',
300 silly addNameRange     '0.8.5',
300 silly addNameRange     '0.8.6',
300 silly addNameRange     '0.9.0',
300 silly addNameRange     '0.9.1',
300 silly addNameRange     '0.9.2',
300 silly addNameRange     '0.10.0',
300 silly addNameRange     '1.0.0',
300 silly addNameRange     '1.0.1',
300 silly addNameRange     '1.0.2',
300 silly addNameRange     '1.0.3',
300 silly addNameRange     '1.1.0',
300 silly addNameRange     '1.1.1',
300 silly addNameRange     '1.1.2',
300 silly addNameRange     '1.2.0',
300 silly addNameRange     '1.2.1',
300 silly addNameRange     '1.2.2',
300 silly addNameRange     '1.2.3',
300 silly addNameRange     '1.2.4',
300 silly addNameRange     '1.2.5',
300 silly addNameRange     '1.2.6',
300 silly addNameRange     '1.2.7',
300 silly addNameRange     '1.2.8',
300 silly addNameRange     '1.3.0',
300 silly addNameRange     '1.3.1',
300 silly addNameRange     '1.3.2',
300 silly addNameRange     '1.3.3',
300 silly addNameRange     '1.3.4',
300 silly addNameRange     '1.3.5',
300 silly addNameRange     '1.3.6',
300 silly addNameRange     '1.3.7',
300 silly addNameRange     '1.3.8',
300 silly addNameRange     '1.3.9',
300 silly addNameRange     '1.3.10',
300 silly addNameRange     '1.3.11',
300 silly addNameRange     '1.3.12' ] ]
301 verbose addNamed [ 'bower', '1.3.12' ]
302 verbose addNamed [ '1.3.12', '1.3.12' ]
303 silly lockFile 9819431c-bower-1-3-12 bower@1.3.12
304 verbose lock bower@1.3.12 /Users/brandon/.npm/9819431c-bower-1-3-12.lock
305 silly lockFile b05fd70b-npmjs-org-bower-bower-1-3-12-tgz https://registry.npmjs.org/bower/-/bower-1.3.12.tgz
306 verbose lock https://registry.npmjs.org/bower/-/bower-1.3.12.tgz /Users/brandon/.npm/b05fd70b-npmjs-org-bower-bower-1-3-12-tgz.lock
307 verbose addRemoteTarball [ 'https://registry.npmjs.org/bower/-/bower-1.3.12.tgz',
307 verbose addRemoteTarball   '37de0edb3904baf90aee13384a1a379a05ee214c' ]
308 info retry fetch attempt 1 at 19:31:12
309 info attempt registry request try #1 at 19:31:12
310 http fetch GET https://registry.npmjs.org/bower/-/bower-1.3.12.tgz
311 http fetch 200 https://registry.npmjs.org/gulp-util/-/gulp-util-2.2.20.tgz
312 silly fetchAndShaCheck shasum d7146e5728910bd8f047a6b0b1e549bc22dbd64c
313 silly lockFile 34166e88-g-gulp-util-gulp-util-2-2-20-tgz https://registry.npmjs.org/gulp-util/-/gulp-util-2.2.20.tgz
314 silly lockFile 34166e88-g-gulp-util-gulp-util-2-2-20-tgz https://registry.npmjs.org/gulp-util/-/gulp-util-2.2.20.tgz
315 silly lockFile 48c194cb-gulp-util-2-2-20 gulp-util@2.2.20
316 silly lockFile 48c194cb-gulp-util-2-2-20 gulp-util@2.2.20
317 silly lockFile 51460558-gulp-util-2-2-14-3-0-0 gulp-util@>=2.2.14 <3.0.0
318 silly lockFile 51460558-gulp-util-2-2-14-3-0-0 gulp-util@>=2.2.14 <3.0.0
319 http fetch 200 https://registry.npmjs.org/gulp-minify-css/-/gulp-minify-css-0.3.13.tgz
320 silly fetchAndShaCheck shasum ba813c665422868305383ccd185f239c1e35209b
321 silly lockFile 8781e9f5-y-css-gulp-minify-css-0-3-13-tgz https://registry.npmjs.org/gulp-minify-css/-/gulp-minify-css-0.3.13.tgz
322 silly lockFile 8781e9f5-y-css-gulp-minify-css-0-3-13-tgz https://registry.npmjs.org/gulp-minify-css/-/gulp-minify-css-0.3.13.tgz
323 silly lockFile 9038a954-gulp-minify-css-0-3-13 gulp-minify-css@0.3.13
324 silly lockFile 9038a954-gulp-minify-css-0-3-13 gulp-minify-css@0.3.13
325 silly lockFile deb4afc0-gulp-minify-css-0-3-0-0-4-0 gulp-minify-css@>=0.3.0 <0.4.0
326 silly lockFile deb4afc0-gulp-minify-css-0-3-0-0-4-0 gulp-minify-css@>=0.3.0 <0.4.0
327 http fetch 200 https://registry.npmjs.org/bower/-/bower-1.3.12.tgz
328 silly fetchAndShaCheck shasum 37de0edb3904baf90aee13384a1a379a05ee214c
329 silly lockFile b05fd70b-npmjs-org-bower-bower-1-3-12-tgz https://registry.npmjs.org/bower/-/bower-1.3.12.tgz
330 silly lockFile b05fd70b-npmjs-org-bower-bower-1-3-12-tgz https://registry.npmjs.org/bower/-/bower-1.3.12.tgz
331 silly lockFile 9819431c-bower-1-3-12 bower@1.3.12
332 silly lockFile 9819431c-bower-1-3-12 bower@1.3.12
333 silly lockFile 5e1af32a-bower-1-3-3-2-0-0 bower@>=1.3.3 <2.0.0
334 silly lockFile 5e1af32a-bower-1-3-3-2-0-0 bower@>=1.3.3 <2.0.0
335 verbose stack Error: EACCES, mkdir '/Users/brandon/.npm/gulp/3.8.11'
336 verbose cwd /Users/brandon/projects/homeboard_site
337 error Darwin 14.1.0
338 error argv "node" "/usr/local/bin/npm" "install"
339 error node v0.10.32
340 error npm  v2.0.0
341 error path /Users/brandon/.npm/gulp/3.8.11
342 error code EACCES
343 error errno 3
344 error Error: EACCES, mkdir '/Users/brandon/.npm/gulp/3.8.11'
344 error  { [Error: EACCES, mkdir '/Users/brandon/.npm/gulp/3.8.11']
344 error   errno: 3,
344 error   code: 'EACCES',
344 error   path: '/Users/brandon/.npm/gulp/3.8.11',
344 error   parent: 'homeboard_site' }
345 error Please try running this command again as root/Administrator.
346 verbose exit [ 3, true ]
